<?xml version="1.0" encoding="UTF-8"?>
<!-- Generated by org.testng.reporters.JUnitXMLReporter -->
<testsuite hostname="QMR" ignored="1" name="Test" tests="18" failures="1" timestamp="17 Jan 2022 02:58:19 GMT" time="213.212" errors="0">
  <testcase name="countNumberOfImages" time="80.954" classname="com.obsqura.SeleniumAssignment_Jan06"/>
  <testcase name="verifyPageTitle" time="36.709" classname="com.obsqura.SeleniumAssignment_Jan06"/>
  <testcase name="test2" time="0.005" classname="com.obsqura.TestngAnnotations_1"/>
  <testcase name="findImage" time="0.219" classname="com.obsqura.Selenium_WebElement"/>
  <testcase name="getNumberOfImages" time="0.036" classname="com.obsqura.SeleniumAssignment_Jan07"/>
  <testcase name="caseBigNumber" time="0.038" classname="com.obsqura.TestDayOfTheWeek">
    <failure type="java.lang.AssertionError" message="Test Failed expected [Invalid Entry1] but found [Invalid Entry]">
      <![CDATA[java.lang.AssertionError: Test Failed expected [Invalid Entry1] but found [Invalid Entry]
at com.obsqura.TestDayOfTheWeek.caseBigNumber(TestDayOfTheWeek.java:121)
... Removed 30 stack frames]]>
    </failure>
  </testcase> <!-- caseBigNumber -->
  <testcase name="case_0" time="0.001" classname="com.obsqura.TestDayOfTheWeek"/>
  <testcase name="case_1" time="0.001" classname="com.obsqura.TestDayOfTheWeek"/>
  <testcase name="case_2" time="0.001" classname="com.obsqura.TestDayOfTheWeek"/>
  <testcase name="case_3" time="0.0" classname="com.obsqura.TestDayOfTheWeek"/>
  <testcase name="case_4" time="0.001" classname="com.obsqura.TestDayOfTheWeek"/>
  <testcase name="case_5" time="0.001" classname="com.obsqura.TestDayOfTheWeek"/>
  <testcase name="case_6" time="0.001" classname="com.obsqura.TestDayOfTheWeek"/>
  <testcase name="case_7" time="0.0" classname="com.obsqura.TestDayOfTheWeek"/>
  <testcase name="case_8" time="0.001" classname="com.obsqura.TestDayOfTheWeek"/>
  <testcase name="OpeningBrowser" time="36.355" classname="com.obsqura.Selenium_1"/>
  <testcase name="verifyPageTitle" time="11.067" classname="com.obsqura.Selenium_2"/>
  <testcase name="test1" time="0.001" classname="com.obsqura.TestngAnnotations_1"/>
  <testcase name="test3" time="0.0" classname="com.obsqura.TestngAnnotations_1">
    <ignored/>
  </testcase> <!-- test3 -->
</testsuite> <!-- Test -->
