<?xml version="1.0" encoding="UTF-8"?>
<testng-results skipped="0" failed="0" ignored="0" total="1" passed="1">
  <reporter-output>
  </reporter-output>
  <suite name="Default suite" duration-ms="22447" started-at="2022-01-25T03:09:30Z" finished-at="2022-01-25T03:09:52Z">
    <groups>
    </groups>
    <test name="Default test" duration-ms="22447" started-at="2022-01-25T03:09:30Z" finished-at="2022-01-25T03:09:52Z">
      <class name="com.obsqura.Test25thJan">
        <test-method status="PASS" signature="openingBrowser()[pri:0, instance:com.obsqura.Test25thJan@ff5b51f]" name="openingBrowser" is-config="true" duration-ms="18165" started-at="2022-01-25T03:09:30Z" finished-at="2022-01-25T03:09:48Z">
          <reporter-output>
          </reporter-output>
        </test-method> <!-- openingBrowser -->
        <test-method status="PASS" signature="testBrowserWindow()[pri:0, instance:com.obsqura.Test25thJan@ff5b51f]" name="testBrowserWindow" duration-ms="3778" started-at="2022-01-25T03:09:48Z" finished-at="2022-01-25T03:09:52Z">
          <reporter-output>
          </reporter-output>
        </test-method> <!-- testBrowserWindow -->
        <test-method status="PASS" signature="closingBrowser()[pri:0, instance:com.obsqura.Test25thJan@ff5b51f]" name="closingBrowser" is-config="true" duration-ms="467" started-at="2022-01-25T03:09:52Z" finished-at="2022-01-25T03:09:52Z">
          <reporter-output>
          </reporter-output>
        </test-method> <!-- closingBrowser -->
      </class> <!-- com.obsqura.Test25thJan -->
    </test> <!-- Default test -->
  </suite> <!-- Default suite -->
</testng-results>
