<?xml version="1.0" encoding="UTF-8"?>
<testng-results skipped="0" failed="0" ignored="0" total="2" passed="2">
  <reporter-output>
  </reporter-output>
  <suite name="Default suite" duration-ms="64308" started-at="2022-01-06T06:49:58Z" finished-at="2022-01-06T06:51:02Z">
    <groups>
    </groups>
    <test name="Default test" duration-ms="64308" started-at="2022-01-06T06:49:58Z" finished-at="2022-01-06T06:51:02Z">
      <class name="com.obsqura.SeleniumAssignment_Jan06">
        <test-method status="PASS" signature="countNumberOfImages()[pri:0, instance:com.obsqura.SeleniumAssignment_Jan06@1e397ed7]" name="countNumberOfImages" duration-ms="35776" started-at="2022-01-06T06:49:58Z" finished-at="2022-01-06T06:50:33Z">
          <reporter-output>
          </reporter-output>
        </test-method> <!-- countNumberOfImages -->
        <test-method status="PASS" signature="verifyPageTitle()[pri:0, instance:com.obsqura.SeleniumAssignment_Jan06@1e397ed7]" name="verifyPageTitle" duration-ms="28504" started-at="2022-01-06T06:50:33Z" finished-at="2022-01-06T06:51:02Z">
          <reporter-output>
          </reporter-output>
        </test-method> <!-- verifyPageTitle -->
      </class> <!-- com.obsqura.SeleniumAssignment_Jan06 -->
    </test> <!-- Default test -->
  </suite> <!-- Default suite -->
</testng-results>
